
particle fs_breath2
{
	depthHack	10.000
	{
		count 				2
		material 			textures/particles/smokepuff
		time 				7.000
		cycles 				0.000
		deadTime 			3.000
		timeOffset 			0.000
		bunching 			1.000
		distribution 		rect 13.000 2.000 2.000
		direction 			outward 20.000
		orientation 		view
		speed 				"0.500" to "0.000"
		size 				"5.000" to "20.000"
		aspect 				"1.000"
		rotation 			"91.000" to "32.000"
		randomDistribution 	1
		boundsExpansion 	0.000
		fadeIn 				0.750
		fadeOut 			0.700
		fadeIndex 			0.000
		color 				0.110 0.120 0.130 1.000
		fadeColor 			0.000 0.000 0.000 1.000
		offset 				0.000 0.000 0.000
		gravity 			world -2.000
	}

}